<?xml version="1.0" encoding="UTF-8"?>
<!-- Generated by org.testng.reporters.JUnitXMLReporter -->
<testsuite hostname="LAPTOP-G0ITPRBD" name="Test" tests="2" failures="1" timestamp="9 Apr 2019 00:11:05 GMT" time="138.781" errors="0">
  <testcase name="successful_Login_Test" time="87.54" classname="smoke.LoginPageTest"/>
  <testcase name="invalid_Login_Test" time="46.169" classname="smoke.LoginPageTest">
    <failure type="java.lang.AssertionError" message="Test case failed!">
      <![CDATA[java.lang.AssertionError: Test case failed!
	at smoke.LoginPageTest.invalid_Login_Test(LoginPageTest.java:66)
... Removed 25 stack frames]]>
    </failure>
  </testcase> <!-- invalid_Login_Test -->
</testsuite> <!-- Test -->
